"../../../../../Users/CCame/Documents/Unreal Projects/AgileGame/Content/Base.uasset" 0
"../../../../../Users/CCame/Documents/Unreal Projects/AgileGame/Content/BP_AgileGameGameModeBase_0.uasset" 1
"../../../../../Users/CCame/Documents/Unreal Projects/AgileGame/Content/FinishedLevelPrototypes/Cal_Level.uasset" 2
"../../../../../Users/CCame/Documents/Unreal Projects/AgileGame/Content/Cal_Level.uasset" 3
"../../../../../Users/CCame/Documents/Unreal Projects/AgileGame/Content/finafinallong.uasset" 4
"../../../../../Users/CCame/Documents/Unreal Projects/AgileGame/Content/Meshes/7.uasset" 5
"../../../../../Users/CCame/Documents/Unreal Projects/AgileGame/Content/Meshes/Checkerboard.uasset" 6
"../../../Engine/Content/Functions/Engine_MaterialFunctions01/Opacity/CameraDepthFade.uasset" 7
"../../../Engine/Content/EngineMaterials/T_Default_Material_Grid_M.uasset" 8
"../../../Engine/Content/EngineMaterials/T_Default_Material_Grid_N.uasset" 9
"../../../Engine/Content/EngineMaterials/WorldGridMaterial.uasset" 10
"../../../Engine/Content/BasicShapes/Plane.uasset" 11
"../../../../../Users/CCame/Documents/Unreal Projects/AgileGame/Content/Meshes/FinishBar.uasset" 12
"../../../../../Users/CCame/Documents/Unreal Projects/AgileGame/Content/FinishBar.uasset" 13
"../../../../../Users/CCame/Documents/Unreal Projects/AgileGame/Content/Luk_Level.uasset" 14
"../../../../../Users/CCame/Documents/Unreal Projects/AgileGame/Content/Sides.uasset" 15
"../../../Engine/Content/Functions/Engine_MaterialFunctions02/Texturing/CustomRotator.uasset" 16
"../../../../../Users/CCame/Documents/Unreal Projects/AgileGame/Content/MSPresets/MS_DefaultMaterial/Functions/MF_DetailNormalTiling.uasset" 17
"../../../Engine/Content/Functions/Engine_MaterialFunctions02/Utility/BlendAngleCorrectedNormals.uasset" 18
"../../../Engine/Content/EngineResources/Black.uasset" 19
"../../../../../Users/CCame/Documents/Unreal Projects/AgileGame/Content/MSPresets/MS_DefaultMaterial/Functions/MF_Transmission.uasset" 20
"../../../../../Users/CCame/Documents/Unreal Projects/AgileGame/Content/MSPresets/MS_DefaultMaterial/Functions/MF_MapAdjustments.uasset" 21
"../../../../../Users/CCame/Documents/Unreal Projects/AgileGame/Content/MSPresets/MS_DefaultMaterial/Functions/MF_Tiling.uasset" 22
"../../../Engine/Content/ArtTools/RenderToTexture/Textures/127grey.uasset" 23
"../../../Engine/Content/EngineMaterials/DefaultDiffuse.uasset" 24
"../../../Engine/Content/EngineMaterials/DefaultNormal.uasset" 25
"../../Plugins/2D/Paper2D/Content/PlaceholderTextures/FlatNormalMap.uasset" 26
"../../../../../Users/CCame/Documents/Unreal Projects/AgileGame/Content/MSPresets/MS_DefaultMaterial/MS_DefaultMaterial.uasset" 27
"../../../../../Users/CCame/Documents/Unreal Projects/AgileGame/Content/Megascans/Surfaces/Rough_Asphalt_2x2_M_ulsidirew_surface/Albedo_2K_ulsidirew.uasset" 28
"../../../../../Users/CCame/Documents/Unreal Projects/AgileGame/Content/Megascans/Surfaces/Rough_Asphalt_2x2_M_ulsidirew_surface/Normal_2K_ulsidirew.uasset" 29
"../../../../../Users/CCame/Documents/Unreal Projects/AgileGame/Content/Megascans/Surfaces/Rough_Asphalt_2x2_M_ulsidirew_surface/Roughness_2K_ulsidirew.uasset" 30
"../../../../../Users/CCame/Documents/Unreal Projects/AgileGame/Content/Megascans/Surfaces/Rough_Asphalt_2x2_M_ulsidirew_surface/Rough_Asphalt_2x2_M_ulsidirew_surface_inst.uasset" 31
"../../../../../Users/CCame/Documents/Unreal Projects/AgileGame/Content/Meshes/newwalledblend.uasset" 32
"../../../../../Users/CCame/Documents/Unreal Projects/AgileGame/Content/newwalledblend.uasset" 33
"../../../../../Users/CCame/Documents/Unreal Projects/AgileGame/Content/Screenshots/RedCar.uasset" 34
"../../../../../Users/CCame/Documents/Unreal Projects/AgileGame/Content/Widgets/WBP_Controls.uasset" 35
"../../../../../Users/CCame/Documents/Unreal Projects/AgileGame/Content/Screenshots/BlueCar.uasset" 36
"../../../../../Users/CCame/Documents/Unreal Projects/AgileGame/Content/Widgets/WBP_CreditsPAge.uasset" 37
"../../../../../Users/CCame/Documents/Unreal Projects/AgileGame/Content/Screenshots/Level_1.uasset" 38
"../../../../../Users/CCame/Documents/Unreal Projects/AgileGame/Content/Screenshots/Level_2.uasset" 39
"../../../../../Users/CCame/Documents/Unreal Projects/AgileGame/Content/Screenshots/Level_3.uasset" 40
"../../../../../Users/CCame/Documents/Unreal Projects/AgileGame/Content/Screenshots/Level_4.uasset" 41
"../../../../../Users/CCame/Documents/Unreal Projects/AgileGame/Content/Screenshots/Level_5.uasset" 42
"../../../../../Users/CCame/Documents/Unreal Projects/AgileGame/Content/Screenshots/Truck.uasset" 43
"../../../../../Users/CCame/Documents/Unreal Projects/AgileGame/Content/Widgets/WBP_MapSelect.uasset" 44
"../../../../../Users/CCame/Documents/Unreal Projects/AgileGame/Content/Widgets/WBP_MainMenu.uasset" 45
"../../../../../Users/CCame/Documents/Unreal Projects/AgileGame/Content/WBP_MainMenu.uasset" 46
"../../../../../Users/CCame/Documents/Unreal Projects/AgileGame/Content/FinishedLevelPrototypes/Level_1.uasset" 47
"../../../../../Users/CCame/Documents/Unreal Projects/AgileGame/Content/FinishedLevels/Level_1_BuiltData.uasset" 48
"../../../../../Users/CCame/Documents/Unreal Projects/AgileGame/Content/FinishedLevelPrototypes/Level_1_BuiltData.uasset" 49
"../../../../../Users/CCame/Documents/Unreal Projects/AgileGame/Content/FinishedLevelPrototypes/Level_2.uasset" 50
"../../../../../Users/CCame/Documents/Unreal Projects/AgileGame/Content/FinishedLevels/Level_2_BuiltData.uasset" 51
"../../../../../Users/CCame/Documents/Unreal Projects/AgileGame/Content/FinishedLevelPrototypes/Level_2_BuiltData.uasset" 52
"../../../../../Users/CCame/Documents/Unreal Projects/AgileGame/Content/FinishedLevelPrototypes/Level_3.uasset" 53
"../../../../../Users/CCame/Documents/Unreal Projects/AgileGame/Content/FinishedLevels/Level_3_BuiltData.uasset" 54
"../../../../../Users/CCame/Documents/Unreal Projects/AgileGame/Content/FinishedLevelPrototypes/Level_3_BuiltData.uasset" 55
"../../../../../Users/CCame/Documents/Unreal Projects/AgileGame/Content/FinishedLevelPrototypes/Level_4.uasset" 56
"../../../../../Users/CCame/Documents/Unreal Projects/AgileGame/Content/FinishedLevels/Level_4_BuiltData.uasset" 57
"../../../../../Users/CCame/Documents/Unreal Projects/AgileGame/Content/FinishedLevelPrototypes/Level_4_BuiltData.uasset" 58
"../../../../../Users/CCame/Documents/Unreal Projects/AgileGame/Content/FinishedLevelPrototypes/Level_5.uasset" 59
"../../../../../Users/CCame/Documents/Unreal Projects/AgileGame/Content/FinishedLevels/Level_5_BuiltData.uasset" 60
"../../../../../Users/CCame/Documents/Unreal Projects/AgileGame/Content/FinishedLevelPrototypes/Level_5_BuiltData.uasset" 61
"../../../../../Users/CCame/Documents/Unreal Projects/AgileGame/Content/FinishedLevelPrototypes/MainMenu.uasset" 62
"../../../../../Users/CCame/Documents/Unreal Projects/AgileGame/Content/FinishedLevels/Material.uasset" 63
"../../../../../Users/CCame/Documents/Unreal Projects/AgileGame/Content/FinishedLevelPrototypes/Material.uasset" 64
"../../../../../Users/CCame/Documents/Unreal Projects/AgileGame/Content/FinishedLevels/RoadMesh.uasset" 65
"../../../../../Users/CCame/Documents/Unreal Projects/AgileGame/Content/FinishedLevelPrototypes/RoadMesh.uasset" 66
"../../../Engine/Content/Functions/Engine_MaterialFunctions01/Gradient/LinearGradient.uasset" 67
"../../../Engine/Content/Functions/Engine_MaterialFunctions01/ImageAdjustment/CheapContrast.uasset" 68
"../../../Engine/Content/Functions/Engine_MaterialFunctions01/WorldPositionOffset/SimpleGrassWind.uasset" 69
"../../../Engine/Content/Functions/Engine_MaterialFunctions02/Utility/VectorLength.uasset" 70
"../../../Engine/Content/Functions/Engine_MaterialFunctions02/WorldPositionOffset/ObjectScale.uasset" 71
"../../../Engine/Content/Functions/Engine_MaterialFunctions02/PivotPainter/PivotPainter_PerObjectData.uasset" 72
"../../../Engine/Content/Functions/Engine_MaterialFunctions02/ObjectLocalToWorldData.uasset" 73
"../../../Engine/Content/Functions/Engine_MaterialFunctions02/WorldPositionOffset/Wind.uasset" 74
"../../../Engine/Content/Functions/Engine_MaterialFunctions02/PivotPainter/PivotPainter_PerObjectFoliageData.uasset" 75
"../../../Engine/Content/Functions/Engine_MaterialFunctions02/Texturing/ScreenAlignedPixelToPixelUVs.uasset" 76
"../../../Engine/Content/EngineMaterials/Good64x64TilingNoiseHighFreq.uasset" 77
"../../../Engine/Content/Functions/Engine_MaterialFunctions02/Utility/DitherTemporalAA.uasset" 78
"../../../../../Users/CCame/Documents/Unreal Projects/AgileGame/Content/Meshes/KiteDemo/Environments/Foliage/Flowers/Buttercup/T_Buttercup_Patch_01_D.uasset" 79
"../../../../../Users/CCame/Documents/Unreal Projects/AgileGame/Content/Meshes/KiteDemo/Environments/Foliage/Flowers/Buttercup/T_Buttercup_Patch_01_M.uasset" 80
"../../../../../Users/CCame/Documents/Unreal Projects/AgileGame/Content/Meshes/KiteDemo/Environments/Foliage/Flowers/FieldScabious/T_SwirlNoise.uasset" 81
"../../../../../Users/CCame/Documents/Unreal Projects/AgileGame/Content/Meshes/KiteDemo/Environments/Foliage/Flowers/Buttercup/M_Buttercup_Patch_01.uasset" 82
"../../../../../Users/CCame/Documents/Unreal Projects/AgileGame/Content/Meshes/KiteDemo/Environments/Foliage/Flowers/Buttercup/M_Buttercup_Patch_01_Inst_NoWPO.uasset" 83
"../../../../../Users/CCame/Documents/Unreal Projects/AgileGame/Content/Meshes/KiteDemo/Environments/Foliage/Flowers/Buttercup/SM_Buttercup_Patch_01.uasset" 84
"../../../../../Users/CCame/Documents/Unreal Projects/AgileGame/Content/KiteDemo/Environments/Foliage/Flowers/Buttercup/SM_Buttercup_Patch_01.uasset" 85
"../../../Engine/Content/Functions/Engine_MaterialFunctions02/SafeNormalize.uasset" 86
"../../../Engine/Content/Functions/Engine_MaterialFunctions02/Math/CreateThirdOrthogonalVector.uasset" 87
"../../../Engine/Content/Functions/Engine_MaterialFunctions02/Utility/BreakOutFloat3Components.uasset" 88
"../../../Engine/Content/Functions/Engine_MaterialFunctions02/Math/Transform3x3Matrix.uasset" 89
"../../../Engine/Content/Functions/Engine_MaterialFunctions02/TangentBasis.uasset" 90
"../../../Engine/Content/Functions/Engine_MaterialFunctions01/WorldPositionOffset/SplineThicken.uasset" 91
"../../../../../Users/CCame/Documents/Unreal Projects/AgileGame/Content/Meshes/KiteDemo/Environments/Foliage/Flowers/FieldScabious/T_FieldScabious01_D.uasset" 92
"../../../../../Users/CCame/Documents/Unreal Projects/AgileGame/Content/Meshes/KiteDemo/Environments/Foliage/Flowers/FieldScabious/T_FieldScabious01_M.uasset" 93
"../../../../../Users/CCame/Documents/Unreal Projects/AgileGame/Content/Meshes/KiteDemo/Environments/Foliage/Flowers/FieldScabious/T_FieldScabious01_N.uasset" 94
"../../../../../Users/CCame/Documents/Unreal Projects/AgileGame/Content/Meshes/KiteDemo/Environments/Foliage/Flowers/FieldScabious/M_FieldScabious_01.uasset" 95
"../../../../../Users/CCame/Documents/Unreal Projects/AgileGame/Content/Meshes/KiteDemo/Environments/Foliage/Flowers/FieldScabious/M_FieldScabious_01_Inst01.uasset" 96
"../../../../../Users/CCame/Documents/Unreal Projects/AgileGame/Content/Meshes/KiteDemo/Environments/Foliage/Flowers/FieldScabious/M_FieldScabious_01_Inst02.uasset" 97
"../../../../../Users/CCame/Documents/Unreal Projects/AgileGame/Content/Meshes/KiteDemo/Environments/Foliage/Flowers/FieldScabious/SM_FieldScabious_01.uasset" 98
"../../../../../Users/CCame/Documents/Unreal Projects/AgileGame/Content/KiteDemo/Environments/Foliage/Flowers/FieldScabious/SM_FieldScabious_01.uasset" 99
"../../../Engine/Content/Functions/Engine_MaterialFunctions02/Utility/BreakOutFloat2Components.uasset" 100
"../../../../../Users/CCame/Documents/Unreal Projects/AgileGame/Content/Meshes/KiteDemo/Environments/Textures/MPC_Terrain.uasset" 101
"../../../../../Users/CCame/Documents/Unreal Projects/AgileGame/Content/Meshes/KiteDemo/Environments/Foliage/Flowers/Heather/T_Grass_Blobby_Height_01.uasset" 102
"../../../../../Users/CCame/Documents/Unreal Projects/AgileGame/Content/Meshes/KiteDemo/Environments/Foliage/Flowers/Heather/T_HeatherBranch4_D.uasset" 103
"../../../../../Users/CCame/Documents/Unreal Projects/AgileGame/Content/Meshes/KiteDemo/Environments/Foliage/Flowers/Heather/T_HeatherBranch4_Mask2.uasset" 104
"../../../../../Users/CCame/Documents/Unreal Projects/AgileGame/Content/Meshes/KiteDemo/Environments/Foliage/Flowers/Heather/T_HeatherBranch4_N.uasset" 105
"../../../../../Users/CCame/Documents/Unreal Projects/AgileGame/Content/Meshes/KiteDemo/Environments/Foliage/Flowers/Heather/M_HeatherNew_MasterWorldColorVarience.uasset" 106
"../../../../../Users/CCame/Documents/Unreal Projects/AgileGame/Content/Meshes/KiteDemo/Environments/Foliage/Flowers/Heather/M_HeatherPatches_Inst2_BrownPinkVairience.uasset" 107
"../../../../../Users/CCame/Documents/Unreal Projects/AgileGame/Content/Meshes/KiteDemo/Environments/Foliage/Flowers/Heather/SM_Heather_Mesh_Clumps2.uasset" 108
"../../../../../Users/CCame/Documents/Unreal Projects/AgileGame/Content/KiteDemo/Environments/Foliage/Flowers/Heather/SM_Heather_Mesh_Clumps2.uasset" 109
"../../../../../Users/CCame/Documents/Unreal Projects/AgileGame/Content/Meshes/KiteDemo/Environments/Foliage/Grass/FieldGrass/T_FieldGrass_01_D.uasset" 110
"../../../../../Users/CCame/Documents/Unreal Projects/AgileGame/Content/Meshes/KiteDemo/Environments/Foliage/Grass/FieldGrass/T_FieldGrass_02_M.uasset" 111
"../../../../../Users/CCame/Documents/Unreal Projects/AgileGame/Content/Meshes/KiteDemo/Environments/Textures/T_Water_N.uasset" 112
"../../../../../Users/CCame/Documents/Unreal Projects/AgileGame/Content/Meshes/KiteDemo/Environments/Foliage/Grass/FieldGrass/M_FieldGrass_01.uasset" 113
"../../../../../Users/CCame/Documents/Unreal Projects/AgileGame/Content/Meshes/KiteDemo/Environments/Foliage/Grass/FieldGrass/M_FieldGrass_Inst_01.uasset" 114
"../../../../../Users/CCame/Documents/Unreal Projects/AgileGame/Content/Meshes/KiteDemo/Environments/Foliage/Grass/FieldGrass/M_FieldGrass_Inst_01_LOD1.uasset" 115
"../../../../../Users/CCame/Documents/Unreal Projects/AgileGame/Content/Meshes/KiteDemo/Environments/Foliage/Grass/FieldGrass/M_FieldGrass_Inst_01_LOD2.uasset" 116
"../../../../../Users/CCame/Documents/Unreal Projects/AgileGame/Content/Meshes/KiteDemo/Environments/Foliage/Grass/FieldGrass/SM_FieldGrass_01.uasset" 117
"../../../../../Users/CCame/Documents/Unreal Projects/AgileGame/Content/KiteDemo/Environments/Foliage/Grass/FieldGrass/SM_FieldGrass_01.uasset" 118
"../../../../../Users/CCame/Documents/Unreal Projects/AgileGame/Content/Megascans/Surfaces/Fine_American_Road_sjfnbeaa_surface/Displacement_2K_sjfnbeaa.uasset" 119
"../../../../../Users/CCame/Documents/Unreal Projects/AgileGame/Content/Megascans/Surfaces/grass_uncut_oeeb70_surface/Albedo_4K_oeeb70.uasset" 120
"../../../../../Users/CCame/Documents/Unreal Projects/AgileGame/Content/Megascans/Surfaces/grass_uncut_oeeb70_surface/Displacement_4K_oeeb70.uasset" 121
"../../../../../Users/CCame/Documents/Unreal Projects/AgileGame/Content/Megascans/Surfaces/grass_uncut_oeeb70_surface/Normal_4K_oeeb70.uasset" 122
"../../../../../Users/CCame/Documents/Unreal Projects/AgileGame/Content/Megascans/Surfaces/grass_uncut_oeeb70_surface/Roughness_4K_oeeb70.uasset" 123
"../../../../../Users/CCame/Documents/Unreal Projects/AgileGame/Content/Megascans/Surfaces/grass_uncut_oeeb70_surface/GrassMaterial.uasset" 124
"../../../../../Users/CCame/Documents/Unreal Projects/AgileGame/Content/Megascans/Surfaces/grass_uncut_oeeb70_surface/grass_uncut_oeeb70_surface_inst.uasset" 125
"../../../../../Users/CCame/Documents/Unreal Projects/AgileGame/Content/Megascans/Surfaces/Rough_Asphalt_2x2_M_ulsidirew_surface/Displacement_2K_ulsidirew.uasset" 126
"../../../../../Users/CCame/Documents/Unreal Projects/AgileGame/Content/Megascans/Surfaces/Rough_Asphalt_2x2_M_ulsidirew_surface/Road.uasset" 127
"../../../../../Users/CCame/Documents/Unreal Projects/AgileGame/Content/Meshes/500px-Checkerboard_pattern_svg.uasset" 128
"../../../../../Users/CCame/Documents/Unreal Projects/AgileGame/Content/Meshes/SM_MERGED_StraightFull7.uasset" 129
"../../../../../Users/CCame/Documents/Unreal Projects/AgileGame/Content/Megascans/Surfaces/Fine_American_Road_sjfnbeaa_surface/Albedo_2K_sjfnbeaa.uasset" 130
"../../../../../Users/CCame/Documents/Unreal Projects/AgileGame/Content/Megascans/Surfaces/Fine_American_Road_sjfnbeaa_surface/Normal_2K_sjfnbeaa.uasset" 131
"../../../../../Users/CCame/Documents/Unreal Projects/AgileGame/Content/Megascans/Surfaces/Fine_American_Road_sjfnbeaa_surface/Roughness_2K_sjfnbeaa.uasset" 132
"../../../../../Users/CCame/Documents/Unreal Projects/AgileGame/Content/Megascans/Surfaces/Fine_American_Road_sjfnbeaa_surface/Fine_American_Road_sjfnbeaa_surface_inst.uasset" 133
"../../../../../Users/CCame/Documents/Unreal Projects/AgileGame/Content/Meshes/StraightSmall.uasset" 134
"../../../../../Users/CCame/Documents/Unreal Projects/AgileGame/Content/Meshes/Turn_90Large.uasset" 135
"../../../../../Users/CCame/Documents/Unreal Projects/AgileGame/Content/Meshes/KiteDemo/500px-Checkerboard_pattern_svg.uasset" 136
"../../../../../Users/CCame/Documents/Unreal Projects/AgileGame/Content/Meshes/KiteDemo/Environments/Foliage/BogMyrtle_01/BogMyrtle_01_Atlas_Normal_Tex.uasset" 137
"../../../../../Users/CCame/Documents/Unreal Projects/AgileGame/Content/Meshes/KiteDemo/Environments/Foliage/BogMyrtle_01/BogMyrtle_01_Atlas_Tex.uasset" 138
"../../../../../Users/CCame/Documents/Unreal Projects/AgileGame/Content/Meshes/KiteDemo/Environments/Foliage/BogMyrtle_01/T_BogMyrtleBtm_01_D.uasset" 139
"../../../../../Users/CCame/Documents/Unreal Projects/AgileGame/Content/Meshes/KiteDemo/Environments/Foliage/BogMyrtle_01/T_BogMyrtleBtm_01_N.uasset" 140
"../../../../../Users/CCame/Documents/Unreal Projects/AgileGame/Content/Meshes/KiteDemo/Environments/Foliage/BogMyrtle_01/BogMyrtle_01_Fronds_Mat.uasset" 141
"../../../../../Users/CCame/Documents/Unreal Projects/AgileGame/Content/Meshes/KiteDemo/Environments/Foliage/BogMyrtleBush_01/BogMyrtleBush_01.uasset" 142
"../../../Engine/Content/Functions/Engine_MaterialFunctions01/SpeedTree/SpeedTreeColorVariation.uasset" 143
"../../../../../Users/CCame/Documents/Unreal Projects/AgileGame/Content/Meshes/KiteDemo/Environments/Foliage/BogMyrtle_01/BogMyrtle_01_Atlas_Billboards_Normal_Tex.uasset" 144
"../../../../../Users/CCame/Documents/Unreal Projects/AgileGame/Content/Meshes/KiteDemo/Environments/Foliage/BogMyrtle_01/BogMyrtle_01_Atlas_Billboards_Tex.uasset" 145
"../../../../../Users/CCame/Documents/Unreal Projects/AgileGame/Content/Meshes/KiteDemo/Environments/Foliage/BogMyrtle_01/BogMyrtle_01_Billboard_Mat.uasset" 146
"../../../../../Users/CCame/Documents/Unreal Projects/AgileGame/Content/Meshes/KiteDemo/Environments/Foliage/BogMyrtleBush_01/BogMyrtleBush_01_Atlas_Billboards_Normal_Tex.uasset" 147
"../../../../../Users/CCame/Documents/Unreal Projects/AgileGame/Content/Meshes/KiteDemo/Environments/Foliage/BogMyrtleBush_01/BogMyrtleBush_01_Atlas_Billboards_Tex.uasset" 148
"../../../../../Users/CCame/Documents/Unreal Projects/AgileGame/Content/Meshes/KiteDemo/Environments/Foliage/BogMyrtleBush_01/MI_BogMyrtleBush_01_Billboard.uasset" 149
"../../../../../Users/CCame/Documents/Unreal Projects/AgileGame/Content/Meshes/KiteDemo/Environments/Foliage/BogMyrtleBush_02/BogMyrtleBush_02.uasset" 150
"../../../../../Users/CCame/Documents/Unreal Projects/AgileGame/Content/Meshes/KiteDemo/Environments/Foliage/BogMyrtleBush_02/BogMyrtleBush_02_Atlas_Billboards_Normal_Tex.uasset" 151
"../../../../../Users/CCame/Documents/Unreal Projects/AgileGame/Content/Meshes/KiteDemo/Environments/Foliage/BogMyrtleBush_02/BogMyrtleBush_02_Atlas_Billboards_Tex.uasset" 152
"../../../../../Users/CCame/Documents/Unreal Projects/AgileGame/Content/Meshes/KiteDemo/Environments/Foliage/BogMyrtleBush_02/MI_BogMyrtleBush_02_Billboard.uasset" 153
"../../../../../Users/CCame/Documents/Unreal Projects/AgileGame/Content/Meshes/KiteDemo/Environments/Foliage/BogMyrtle_01/BogMyrtle_01.uasset" 154
"../../../../../Users/CCame/Documents/Unreal Projects/AgileGame/Content/Meshes/KiteDemo/Environments/Foliage/Ferns/T_Fern_01_D.uasset" 155
"../../../../../Users/CCame/Documents/Unreal Projects/AgileGame/Content/Meshes/KiteDemo/Environments/Foliage/Ferns/T_Fern_01_N.uasset" 156
"../../../../../Users/CCame/Documents/Unreal Projects/AgileGame/Content/Meshes/KiteDemo/Environments/Foliage/Ferns/T_Ice_Noise_N.uasset" 157
"../../../../../Users/CCame/Documents/Unreal Projects/AgileGame/Content/Meshes/KiteDemo/Environments/Foliage/Ferns/T_TilingNoise06_N.uasset" 158
"../../../../../Users/CCame/Documents/Unreal Projects/AgileGame/Content/Meshes/KiteDemo/Environments/Textures/T_Water_Screen_Noise_Soft2.uasset" 159
"../../../../../Users/CCame/Documents/Unreal Projects/AgileGame/Content/Meshes/KiteDemo/Environments/Foliage/Ferns/M_Fern_01.uasset" 160
"../../../../../Users/CCame/Documents/Unreal Projects/AgileGame/Content/Meshes/KiteDemo/Environments/Foliage/Ferns/SM_Fern_01.uasset" 161
"../../../../../Users/CCame/Documents/Unreal Projects/AgileGame/Content/Meshes/KiteDemo/Environments/Textures/T_Water_Screen_Noise_Soft.uasset" 162
"../../../../../Users/CCame/Documents/Unreal Projects/AgileGame/Content/Meshes/KiteDemo/Environments/Foliage/Ferns/M_Fern_01_Inst.uasset" 163
"../../../../../Users/CCame/Documents/Unreal Projects/AgileGame/Content/Meshes/KiteDemo/Environments/Foliage/Ferns/SM_Fern_02.uasset" 164
"../../../../../Users/CCame/Documents/Unreal Projects/AgileGame/Content/Meshes/KiteDemo/Environments/Foliage/Ferns/SM_Fern_03.uasset" 165
"../../../../../Users/CCame/Documents/Unreal Projects/AgileGame/Content/Meshes/KiteDemo/Environments/Foliage/Flowers/Heather/T_Ice_Noise.uasset" 166
"../../../../../Users/CCame/Documents/Unreal Projects/AgileGame/Content/Meshes/KiteDemo/Environments/Foliage/Flowers/Heather/M_HeatherNew_Master.uasset" 167
"../../../../../Users/CCame/Documents/Unreal Projects/AgileGame/Content/Meshes/KiteDemo/Environments/Textures/T_GDC_TilingRocks_01_DispMask.uasset" 168
"../../../../../Users/CCame/Documents/Unreal Projects/AgileGame/Content/Meshes/KiteDemo/Environments/Foliage/Flowers/Heather/M_HeatherPatches_Inst2.uasset" 169
"../../../../../Users/CCame/Documents/Unreal Projects/AgileGame/Content/Meshes/KiteDemo/Environments/Foliage/Flowers/Heather/M_HeatherPatches_Inst2_BrownPinkVairience_NoWind.uasset" 170
"../../../../../Users/CCame/Documents/Unreal Projects/AgileGame/Content/Meshes/KiteDemo/Environments/Foliage/Flowers/Heather/SM_Heather_Mesh_Clumps2_WorldPopulate.uasset" 171
"../../../../../Users/CCame/Documents/Unreal Projects/AgileGame/Content/Meshes/KiteDemo/Environments/Foliage/Flowers/Yarrow/T_Yarrow_D.uasset" 172
"../../../../../Users/CCame/Documents/Unreal Projects/AgileGame/Content/Meshes/KiteDemo/Environments/Foliage/Flowers/Yarrow/T_Yarrow_N.uasset" 173
"../../../../../Users/CCame/Documents/Unreal Projects/AgileGame/Content/Meshes/KiteDemo/Environments/Foliage/Flowers/Yarrow/M_Yarrow_Inst.uasset" 174
"../../../../../Users/CCame/Documents/Unreal Projects/AgileGame/Content/Meshes/KiteDemo/Environments/Foliage/Flowers/Yarrow/SM_Yarrow.uasset" 175
"../../../../../Users/CCame/Documents/Unreal Projects/AgileGame/Content/Meshes/KiteDemo/Environments/Foliage/Flowers/Yarrow/T_Yarrow_M.uasset" 176
"../../../../../Users/CCame/Documents/Unreal Projects/AgileGame/Content/Meshes/KiteDemo/Environments/Foliage/Flowers/Yarrow/M_Yarrow_PP_Wind_Inst.uasset" 177
"../../../../../Users/CCame/Documents/Unreal Projects/AgileGame/Content/Meshes/KiteDemo/Environments/Foliage/Flowers/Yarrow/SM_Yarrow3.uasset" 178
"../../../../../Users/CCame/Documents/Unreal Projects/AgileGame/Content/Meshes/KiteDemo/Environments/Foliage/Leaves/T_DeadLeavesAtlas_01_D.uasset" 179
"../../../../../Users/CCame/Documents/Unreal Projects/AgileGame/Content/Meshes/KiteDemo/Environments/Foliage/Leaves/T_DeadLeavesAtlas_01_N.uasset" 180
"../../../../../Users/CCame/Documents/Unreal Projects/AgileGame/Content/Meshes/KiteDemo/Environments/Foliage/Leaves/T_DeadLeavesAtlasTop_01_D.uasset" 181
"../../../../../Users/CCame/Documents/Unreal Projects/AgileGame/Content/Meshes/KiteDemo/Environments/Foliage/Leaves/M_DeadLeaves.uasset" 182
"../../../../../Users/CCame/Documents/Unreal Projects/AgileGame/Content/Meshes/KiteDemo/Environments/Foliage/Leaves/SM_DeadLeaves.uasset" 183
"../../../../../Users/CCame/Documents/Unreal Projects/AgileGame/Content/Meshes/KiteDemo/Environments/Foliage/Leaves/SM_DeadLeaves_Flat.uasset" 184
"../../../../../Users/CCame/Documents/Unreal Projects/AgileGame/Content/Meshes/KiteDemo/Environments/Textures/MPC_MacroVariation.uasset" 185
"../../../../../Users/CCame/Documents/Unreal Projects/AgileGame/Content/MSPresets/MSTextures/Albedo.uasset" 186
"../../../../../Users/CCame/Documents/Unreal Projects/AgileGame/Content/MSPresets/MSTextures/AO.uasset" 187
"../../../../../Users/CCame/Documents/Unreal Projects/AgileGame/Content/MSPresets/MSTextures/Displacement.uasset" 188
"../../../../../Users/CCame/Documents/Unreal Projects/AgileGame/Content/MSPresets/MSTextures/Metalness.uasset" 189
"../../../../../Users/CCame/Documents/Unreal Projects/AgileGame/Content/MSPresets/MSTextures/noise_mask.uasset" 190
"../../../../../Users/CCame/Documents/Unreal Projects/AgileGame/Content/MSPresets/MSTextures/noise_normal.uasset" 191
"../../../../../Users/CCame/Documents/Unreal Projects/AgileGame/Content/MSPresets/MSTextures/Normal.uasset" 192
"../../../../../Users/CCame/Documents/Unreal Projects/AgileGame/Content/MSPresets/MSTextures/Roughness.uasset" 193
"../../../../../Users/CCame/Documents/Unreal Projects/AgileGame/Content/MSPresets/MS_DefaultMaterial/Functions/MF_Displacement.uasset" 194
"../../../../../Users/CCame/Documents/Unreal Projects/AgileGame/Content/MSPresets/MS_DefaultMaterial/Functions/MF_Fuzz.uasset" 195
"../../../../../Users/CCame/Documents/Unreal Projects/AgileGame/Content/VehicleVarietyPack/Plane.uasset" 196
"../../../../../Users/CCame/Documents/Unreal Projects/AgileGame/Content/VehicleVarietyPack/Skeletons/SK_Vehicle_Skeleton.uasset" 197
"../../../../../Users/CCame/Documents/Unreal Projects/AgileGame/Content/VehicleVarietyPack/Blueprints/BoxTruck/AB_BoxTruck.uasset" 198
"../../../../../Users/CCame/Documents/Unreal Projects/AgileGame/Content/VehicleVarietyPack/Blueprints/BoxTruck/DA_BT_TireConfig.uasset" 199
"../../../../../Users/CCame/Documents/Unreal Projects/AgileGame/Content/VehicleVarietyPack/Blueprints/BoxTruck/BP_BT_FrontTire.uasset" 200
"../../../../../Users/CCame/Documents/Unreal Projects/AgileGame/Content/VehicleVarietyPack/Blueprints/BoxTruck/BP_BT_RearTire.uasset" 201
"../../../../../Users/CCame/Documents/Unreal Projects/AgileGame/Content/VehicleVarietyPack/Textures/BoxTruck/TX_Truck_Exterior_Diffuse.uasset" 202
"../../../../../Users/CCame/Documents/Unreal Projects/AgileGame/Content/VehicleVarietyPack/Textures/BoxTruck/TX_Truck_Exterior_EMM.uasset" 203
"../../../../../Users/CCame/Documents/Unreal Projects/AgileGame/Content/VehicleVarietyPack/Textures/BoxTruck/TX_Truck_Exterior_Normal.uasset" 204
"../../../../../Users/CCame/Documents/Unreal Projects/AgileGame/Content/VehicleVarietyPack/Textures/BoxTruck/TX_Truck_Exterior_ORM.uasset" 205
"../../../../../Users/CCame/Documents/Unreal Projects/AgileGame/Content/VehicleVarietyPack/Materials/BoxTruck/M_BoxTruck_Body.uasset" 206
"../../../../../Users/CCame/Documents/Unreal Projects/AgileGame/Content/VehicleVarietyPack/Textures/BoxTruck/TX_Truck_Box_Diffuse.uasset" 207
"../../../../../Users/CCame/Documents/Unreal Projects/AgileGame/Content/VehicleVarietyPack/Textures/BoxTruck/TX_Truck_Box_Normal.uasset" 208
"../../../../../Users/CCame/Documents/Unreal Projects/AgileGame/Content/VehicleVarietyPack/Textures/BoxTruck/TX_Truck_Box_ORM.uasset" 209
"../../../../../Users/CCame/Documents/Unreal Projects/AgileGame/Content/VehicleVarietyPack/Materials/BoxTruck/M_BoxTruck_Box.uasset" 210
"../../../../../Users/CCame/Documents/Unreal Projects/AgileGame/Content/VehicleVarietyPack/Textures/BoxTruck/TX_Truck_Chassis_Diffuse.uasset" 211
"../../../../../Users/CCame/Documents/Unreal Projects/AgileGame/Content/VehicleVarietyPack/Textures/BoxTruck/TX_Truck_Chassis_EMM.uasset" 212
"../../../../../Users/CCame/Documents/Unreal Projects/AgileGame/Content/VehicleVarietyPack/Textures/BoxTruck/TX_Truck_Chassis_Normal.uasset" 213
"../../../../../Users/CCame/Documents/Unreal Projects/AgileGame/Content/VehicleVarietyPack/Textures/BoxTruck/TX_Truck_Chassis_ORM.uasset" 214
"../../../../../Users/CCame/Documents/Unreal Projects/AgileGame/Content/VehicleVarietyPack/Materials/BoxTruck/M_BoxTruck_Chassis.uasset" 215
"../../../../../Users/CCame/Documents/Unreal Projects/AgileGame/Content/VehicleVarietyPack/Textures/BoxTruck/TX_Truck_Interior_Diffuse.uasset" 216
"../../../../../Users/CCame/Documents/Unreal Projects/AgileGame/Content/VehicleVarietyPack/Textures/BoxTruck/TX_Truck_Interior_Normal.uasset" 217
"../../../../../Users/CCame/Documents/Unreal Projects/AgileGame/Content/VehicleVarietyPack/Textures/BoxTruck/TX_Truck_Interior_ORM.uasset" 218
"../../../../../Users/CCame/Documents/Unreal Projects/AgileGame/Content/VehicleVarietyPack/Materials/BoxTruck/M_BoxTruck_Interior.uasset" 219
"../../../../../Users/CCame/Documents/Unreal Projects/AgileGame/Content/VehicleVarietyPack/Textures/Pickup/TX_Pickup_Diffuse_2.uasset" 220
"../../../../../Users/CCame/Documents/Unreal Projects/AgileGame/Content/VehicleVarietyPack/Textures/Pickup/TX_Pickup_Normal_2.uasset" 221
"../../../../../Users/CCame/Documents/Unreal Projects/AgileGame/Content/VehicleVarietyPack/Textures/Pickup/TX_Pickup_OPC_2.uasset" 222
"../../../../../Users/CCame/Documents/Unreal Projects/AgileGame/Content/VehicleVarietyPack/Textures/Pickup/TX_Pickup_ORM.uasset" 223
"../../../../../Users/CCame/Documents/Unreal Projects/AgileGame/Content/VehicleVarietyPack/Materials/Masters/M_Glass.uasset" 224
"../../../../../Users/CCame/Documents/Unreal Projects/AgileGame/Content/VehicleVarietyPack/Textures/BoxTruck/TX_Truck_Glass_Diffuse.uasset" 225
"../../../../../Users/CCame/Documents/Unreal Projects/AgileGame/Content/VehicleVarietyPack/Textures/BoxTruck/TX_Truck_Glass_Normal.uasset" 226
"../../../../../Users/CCame/Documents/Unreal Projects/AgileGame/Content/VehicleVarietyPack/Textures/BoxTruck/TX_Truck_Glass_OPC.uasset" 227
"../../../../../Users/CCame/Documents/Unreal Projects/AgileGame/Content/VehicleVarietyPack/Textures/BoxTruck/TX_Truck_Glass_ORM.uasset" 228
"../../../../../Users/CCame/Documents/Unreal Projects/AgileGame/Content/VehicleVarietyPack/Materials/BoxTruck/Mi_BoxTruck_Glass.uasset" 229
"../../../../../Users/CCame/Documents/Unreal Projects/AgileGame/Content/VehicleVarietyPack/Skeletons/SK_Truck_Box_PhysicsAsset.uasset" 230
"../../../../../Users/CCame/Documents/Unreal Projects/AgileGame/Content/VehicleVarietyPack/Skeletons/SK_Truck_Box.uasset" 231
"../../../../../Users/CCame/Documents/Unreal Projects/AgileGame/Content/VehicleVarietyPack/Blueprints/BoxTruck/BP_BoxTruck.uasset" 232
"../../../../../Users/CCame/Documents/Unreal Projects/AgileGame/Content/VehicleVarietyPack/Blueprints/BoxTruck/BP_BoxTruck_Gamemode.uasset" 233
"../../../../../Users/CCame/Documents/Unreal Projects/AgileGame/Content/VehicleVarietyPack/Blueprints/Hatchback/DA_HB_TireConfig.uasset" 234
"../../../../../Users/CCame/Documents/Unreal Projects/AgileGame/Content/VehicleVarietyPack/Blueprints/Pickup/AB_Pickup.uasset" 235
"../../../../../Users/CCame/Documents/Unreal Projects/AgileGame/Content/VehicleVarietyPack/Blueprints/Pickup/DA_PU_TireConfig.uasset" 236
"../../../../../Users/CCame/Documents/Unreal Projects/AgileGame/Content/VehicleVarietyPack/Blueprints/Pickup/BP_PU_Wheel_Front.uasset" 237
"../../../../../Users/CCame/Documents/Unreal Projects/AgileGame/Content/VehicleVarietyPack/Blueprints/Pickup/BP_PU_Wheel_Rear.uasset" 238
"../../../../../Users/CCame/Documents/Unreal Projects/AgileGame/Content/VehicleVarietyPack/Textures/Pickup/TX_Pickup_Diffuse.uasset" 239
"../../../../../Users/CCame/Documents/Unreal Projects/AgileGame/Content/VehicleVarietyPack/Textures/Pickup/TX_Pickup_EMM.uasset" 240
"../../../../../Users/CCame/Documents/Unreal Projects/AgileGame/Content/VehicleVarietyPack/Textures/Pickup/TX_Pickup_Normal.uasset" 241
"../../../../../Users/CCame/Documents/Unreal Projects/AgileGame/Content/VehicleVarietyPack/Materials/Pickup/M_Pickup_Body.uasset" 242
"../../../../../Users/CCame/Documents/Unreal Projects/AgileGame/Content/VehicleVarietyPack/Textures/Pickup/TX_Pickup_Interior_Diffuse.uasset" 243
"../../../../../Users/CCame/Documents/Unreal Projects/AgileGame/Content/VehicleVarietyPack/Textures/Pickup/TX_Pickup_Interior_Normal.uasset" 244
"../../../../../Users/CCame/Documents/Unreal Projects/AgileGame/Content/VehicleVarietyPack/Textures/Pickup/TX_Pickup_Interior_OPC.uasset" 245
"../../../../../Users/CCame/Documents/Unreal Projects/AgileGame/Content/VehicleVarietyPack/Textures/Pickup/TX_Pickup_Interior_ORM.uasset" 246
"../../../../../Users/CCame/Documents/Unreal Projects/AgileGame/Content/VehicleVarietyPack/Materials/Pickup/M_Pickup_Interior.uasset" 247
"../../../../../Users/CCame/Documents/Unreal Projects/AgileGame/Content/VehicleVarietyPack/Textures/Pickup/TX_Pickup_Diffuse_1.uasset" 248
"../../../../../Users/CCame/Documents/Unreal Projects/AgileGame/Content/VehicleVarietyPack/Textures/Pickup/TX_Pickup_Normal_1.uasset" 249
"../../../../../Users/CCame/Documents/Unreal Projects/AgileGame/Content/VehicleVarietyPack/Textures/Pickup/TX_Pickup_ORM_1.uasset" 250
"../../../../../Users/CCame/Documents/Unreal Projects/AgileGame/Content/VehicleVarietyPack/Materials/Pickup/M_Pickup_Under.uasset" 251
"../../../../../Users/CCame/Documents/Unreal Projects/AgileGame/Content/VehicleVarietyPack/Textures/Pickup/TX_Pickup_ORM_2.uasset" 252
"../../../../../Users/CCame/Documents/Unreal Projects/AgileGame/Content/VehicleVarietyPack/Materials/Pickup/Mi_Pickup_Glass.uasset" 253
"../../../../../Users/CCame/Documents/Unreal Projects/AgileGame/Content/VehicleVarietyPack/Skeletons/SK_Pickup_PhysicsAsset.uasset" 254
"../../../../../Users/CCame/Documents/Unreal Projects/AgileGame/Content/VehicleVarietyPack/Skeletons/SK_Pickup.uasset" 255
"../../../../../Users/CCame/Documents/Unreal Projects/AgileGame/Content/VehicleVarietyPack/Blueprints/Pickup/BP_Pickup.uasset" 256
"../../../../../Users/CCame/Documents/Unreal Projects/AgileGame/Content/VehicleVarietyPack/Blueprints/Pickup/BP_Pickup_Gamemode.uasset" 257
"../../../../../Users/CCame/Documents/Unreal Projects/AgileGame/Content/VehicleVarietyPack/Blueprints/SportsCar/AB_SportsCar.uasset" 258
"../../../../../Users/CCame/Documents/Unreal Projects/AgileGame/Content/VehicleVarietyPack/Blueprints/SUV/AB_SUV.uasset" 259
"../../../../../Users/CCame/Documents/Unreal Projects/AgileGame/Content/VehicleVarietyPack/Blueprints/SportsCar/DA_SC_TireConfig.uasset" 260
"../../../../../Users/CCame/Documents/Unreal Projects/AgileGame/Content/VehicleVarietyPack/Blueprints/SportsCar/BP_SC_Wheel_Front.uasset" 261
"../../../../../Users/CCame/Documents/Unreal Projects/AgileGame/Content/VehicleVarietyPack/Blueprints/SportsCar/BP_SC_Wheel_Rear.uasset" 262
"../../../../../Users/CCame/Documents/Unreal Projects/AgileGame/Content/VehicleVarietyPack/Textures/SportsCar/TX_SportsCar_Exterior_Diffuse.uasset" 263
"../../../../../Users/CCame/Documents/Unreal Projects/AgileGame/Content/VehicleVarietyPack/Textures/SportsCar/TX_Sportscar_Exterior_Emissive.uasset" 264
"../../../../../Users/CCame/Documents/Unreal Projects/AgileGame/Content/VehicleVarietyPack/Textures/SportsCar/TX_SportsCar_Exterior_Normal.uasset" 265
"../../../../../Users/CCame/Documents/Unreal Projects/AgileGame/Content/VehicleVarietyPack/Textures/SportsCar/TX_SportsCar_Exterior_ORM.uasset" 266
"../../../../../Users/CCame/Documents/Unreal Projects/AgileGame/Content/VehicleVarietyPack/Materials/SportsCar/M_SportsCar_Body.uasset" 267
"../../../../../Users/CCame/Documents/Unreal Projects/AgileGame/Content/VehicleVarietyPack/Textures/SportsCar/TX_SportsCar_Interior_Diffuse.uasset" 268
"../../../../../Users/CCame/Documents/Unreal Projects/AgileGame/Content/VehicleVarietyPack/Textures/SportsCar/TX_SportsCar_Interior_Normal.uasset" 269
"../../../../../Users/CCame/Documents/Unreal Projects/AgileGame/Content/VehicleVarietyPack/Textures/SportsCar/TX_SportsCar_Interior_ORM.uasset" 270
"../../../../../Users/CCame/Documents/Unreal Projects/AgileGame/Content/VehicleVarietyPack/Materials/SportsCar/M_SportsCar_Interior.uasset" 271
"../../../../../Users/CCame/Documents/Unreal Projects/AgileGame/Content/VehicleVarietyPack/Textures/SportsCar/TX_SportsCar_Underside_Diffuse.uasset" 272
"../../../../../Users/CCame/Documents/Unreal Projects/AgileGame/Content/VehicleVarietyPack/Textures/SportsCar/TX_SportsCar_Underside_Normal.uasset" 273
"../../../../../Users/CCame/Documents/Unreal Projects/AgileGame/Content/VehicleVarietyPack/Textures/SportsCar/TX_SportsCar_Underside_ORM.uasset" 274
"../../../../../Users/CCame/Documents/Unreal Projects/AgileGame/Content/VehicleVarietyPack/Materials/SportsCar/M_SportsCar_Under.uasset" 275
"../../../../../Users/CCame/Documents/Unreal Projects/AgileGame/Content/VehicleVarietyPack/Textures/SportsCar/TX_SportsCar_Glass_Diffuse.uasset" 276
"../../../../../Users/CCame/Documents/Unreal Projects/AgileGame/Content/VehicleVarietyPack/Textures/SportsCar/TX_SportsCar_Glass_Normal.uasset" 277
"../../../../../Users/CCame/Documents/Unreal Projects/AgileGame/Content/VehicleVarietyPack/Textures/SportsCar/TX_SportsCar_Glass_ORM.uasset" 278
"../../../../../Users/CCame/Documents/Unreal Projects/AgileGame/Content/VehicleVarietyPack/Materials/SportsCar/Mi_Glass_SportsCar.uasset" 279
"../../../../../Users/CCame/Documents/Unreal Projects/AgileGame/Content/VehicleVarietyPack/Skeletons/SK_SportsCar_PhysicsAsset.uasset" 280
"../../../../../Users/CCame/Documents/Unreal Projects/AgileGame/Content/VehicleVarietyPack/Skeletons/SK_SportsCar.uasset" 281
"../../../../../Users/CCame/Documents/Unreal Projects/AgileGame/Content/VehicleVarietyPack/Blueprints/SportsCar/BP_SportsCar.uasset" 282
"../../../../../Users/CCame/Documents/Unreal Projects/AgileGame/Content/VehicleVarietyPack/Blueprints/SportsCar/BP_SC_Gamemode.uasset" 283
"../../../Engine/Content/EditorBlueprintResources/StandardMacros.uasset" 284
"../../../../../Users/CCame/Documents/Unreal Projects/AgileGame/Content/TimeConverter.uasset" 285
"../../../../../Users/CCame/Documents/Unreal Projects/AgileGame/Content/ABP_Vehicle.uasset" 286
"../../../../../Users/CCame/Documents/Unreal Projects/AgileGame/Content/DA_TireConfig.uasset" 287
"../../../../../Users/CCame/Documents/Unreal Projects/AgileGame/Content/BP_TireBack.uasset" 288
"../../../../../Users/CCame/Documents/Unreal Projects/AgileGame/Content/BP_TireFront.uasset" 289
"../../../../../Users/CCame/Documents/Unreal Projects/AgileGame/Content/CheckPoint.uasset" 290
"../../../../../Users/CCame/Documents/Unreal Projects/AgileGame/Content/Tracker.uasset" 291
"../../../../../Users/CCame/Documents/Unreal Projects/AgileGame/Content/Final_car_rev.uasset" 292
"../../../../../Users/CCame/Documents/Unreal Projects/AgileGame/Content/BP_WheeledVehiclePawn.uasset" 293
"../../../../../Users/CCame/Documents/Unreal Projects/AgileGame/Content/MySaveGame.uasset" 294
"../../../../../Users/CCame/Documents/Unreal Projects/AgileGame/Content/Widgets/WBP_HudTest.uasset" 295
"../../../../../Users/CCame/Documents/Unreal Projects/AgileGame/Content/BP_CarController.uasset" 296
"../../../../../Users/CCame/Documents/Unreal Projects/AgileGame/Content/BP_TireBack_2.uasset" 297
"../../../../../Users/CCame/Documents/Unreal Projects/AgileGame/Content/BP_TireFront_2.uasset" 298
"../../../../../Users/CCame/Documents/Unreal Projects/AgileGame/Content/path.uasset" 299
"../../../../../Users/CCame/Documents/Unreal Projects/AgileGame/Content/VehicleVarietyPack/Textures/SUV/TX_SUV_Main_Diffuse.uasset" 300
"../../../../../Users/CCame/Documents/Unreal Projects/AgileGame/Content/VehicleVarietyPack/Textures/SUV/TX_SUV_Main_Emissive.uasset" 301
"../../../../../Users/CCame/Documents/Unreal Projects/AgileGame/Content/VehicleVarietyPack/Textures/SUV/TX_SUV_Main_Normal.uasset" 302
"../../../../../Users/CCame/Documents/Unreal Projects/AgileGame/Content/VehicleVarietyPack/Textures/SUV/TX_SUV_Main_ORM.uasset" 303
"../../../../../Users/CCame/Documents/Unreal Projects/AgileGame/Content/VehicleVarietyPack/Materials/SUV/M_SUV_Body.uasset" 304
"../../../../../Users/CCame/Documents/Unreal Projects/AgileGame/Content/VehicleVarietyPack/Textures/SUV/TX_SUV_Details_Diffuse.uasset" 305
"../../../../../Users/CCame/Documents/Unreal Projects/AgileGame/Content/VehicleVarietyPack/Textures/SUV/TX_SUV_Details_Normal.uasset" 306
"../../../../../Users/CCame/Documents/Unreal Projects/AgileGame/Content/VehicleVarietyPack/Textures/SUV/TX_SUV_Details_ORM.uasset" 307
"../../../../../Users/CCame/Documents/Unreal Projects/AgileGame/Content/VehicleVarietyPack/Materials/SUV/M_SUV_Interior.uasset" 308
"../../../../../Users/CCame/Documents/Unreal Projects/AgileGame/Content/VehicleVarietyPack/Textures/SUV/TX_SUV_Undercar_Diffuse.uasset" 309
"../../../../../Users/CCame/Documents/Unreal Projects/AgileGame/Content/VehicleVarietyPack/Textures/SUV/TX_SUV_Undercar_Normal.uasset" 310
"../../../../../Users/CCame/Documents/Unreal Projects/AgileGame/Content/VehicleVarietyPack/Textures/SUV/TX_SUV_Undercar_ORM.uasset" 311
"../../../../../Users/CCame/Documents/Unreal Projects/AgileGame/Content/VehicleVarietyPack/Materials/SUV/M_SUV_Under.uasset" 312
"../../../../../Users/CCame/Documents/Unreal Projects/AgileGame/Content/VehicleVarietyPack/Textures/SUV/TX_SUV_Glass_BaseColor.uasset" 313
"../../../../../Users/CCame/Documents/Unreal Projects/AgileGame/Content/VehicleVarietyPack/Textures/SUV/TX_SUV_Glass_Normal.uasset" 314
"../../../../../Users/CCame/Documents/Unreal Projects/AgileGame/Content/VehicleVarietyPack/Textures/SUV/TX_SUV_Glass_ORM.uasset" 315
"../../../../../Users/CCame/Documents/Unreal Projects/AgileGame/Content/VehicleVarietyPack/Materials/SUV/Mi_SUV_Glass.uasset" 316
"../../../../../Users/CCame/Documents/Unreal Projects/AgileGame/Content/VehicleVarietyPack/Skeletons/SK_SUV_PhysicsAsset.uasset" 317
"../../../../../Users/CCame/Documents/Unreal Projects/AgileGame/Content/VehicleVarietyPack/Skeletons/SK_SUV.uasset" 318
"../../../../../Users/CCame/Documents/Unreal Projects/AgileGame/Content/AI_Suv.uasset" 319
"../../../../../Users/CCame/Documents/Unreal Projects/AgileGame/Content/VehicleVarietyPack/Blueprints/SUV/AI_Suv.uasset" 320
"../../../../../Users/CCame/Documents/Unreal Projects/AgileGame/Content/VehicleVarietyPack/Materials/Masters/M_Blank.uasset" 321
"../../../../../Users/CCame/Documents/Unreal Projects/AgileGame/Content/VehicleVarietyPack/Skeletons/SK_Truck_Chassis_PhysicsAsset.uasset" 322
"../../../../../Users/CCame/Documents/Unreal Projects/AgileGame/Content/VehicleVarietyPack/Skeletons/SK_Truck_Chassis.uasset" 323
"../../../Engine/Content/Animation/DefaultAnimCurveCompressionSettings.uasset" 324
"../../../Engine/Content/ArtTools/RenderToTexture/Meshes/S_1_Unit_Plane.uasset" 325
"../../../Engine/Content/EngineMaterials/DefaultMaterial.uasset" 326
"../../../Engine/Content/BasicShapes/Cone.uasset" 327
"../../../Engine/Content/EditorLandscapeResources/DataLayer.uasset" 328
"../../../Engine/Content/EditorMaterials/MAT_Groups_Toggle.uasset" 329
"../../../Engine/Content/EditorMaterials/MAT_Groups_Visibility.uasset" 330
"../../../Engine/Content/EditorMaterials/PreviewShadowIndicator.uasset" 331
"../../../Engine/Content/EditorMaterials/PreviewShadowIndicatorMaterial.uasset" 332
"../../../Engine/Content/EditorMaterials/MatineeGroups/MAT_ColorTrack.uasset" 333
"../../../Engine/Content/EditorMaterials/MatineeGroups/MAT_Groups_Anim.uasset" 334
"../../../Engine/Content/EditorMaterials/MatineeGroups/MAT_Groups_AudioMaster.uasset" 335
"../../../Engine/Content/EditorMaterials/MatineeGroups/MAT_Groups_Director.uasset" 336
"../../../Engine/Content/EditorMaterials/MatineeGroups/MAT_Groups_Event.uasset" 337
"../../../Engine/Content/EditorMaterials/MatineeGroups/MAT_Groups_Fade.uasset" 338
"../../../Engine/Content/EditorMaterials/MatineeGroups/MAT_Groups_Float.uasset" 339
"../../../Engine/Content/EditorMaterials/MatineeGroups/MAT_Groups_Move.uasset" 340
"../../../Engine/Content/EditorMaterials/MatineeGroups/MAT_Groups_Slomo.uasset" 341
"../../../Engine/Content/EditorMaterials/MatineeGroups/MAT_Groups_Sound.uasset" 342
"../../../Engine/Content/EditorMaterials/MatineeGroups/MAT_Groups_Vector.uasset" 343
"../../../Engine/Content/EditorMaterials/ParticleSystems/PSysThumbnail_NoImage.uasset" 344
"../../../Engine/Content/EditorMaterials/ParticleSystems/PSysThumbnail_OOD.uasset" 345
"../../../Engine/Content/EditorMaterials/Camera/CineMat.uasset" 346
"../../../Engine/Content/EditorMaterials/Camera/MI_CineMat_Rig.uasset" 347
"../../../Engine/Content/EditorMeshes/Camera/SM_CraneRig_Arm.uasset" 348
"../../../Engine/Content/EditorMeshes/Camera/SM_CraneRig_Base.uasset" 349
"../../../Engine/Content/EditorMeshes/Camera/SM_CraneRig_Body.uasset" 350
"../../../Engine/Content/EditorMeshes/Camera/SM_CraneRig_Mount.uasset" 351
"../../../Engine/Content/EditorMeshes/Camera/SM_RailRig_Mount.uasset" 352
"../../../Engine/Content/EditorMeshes/Camera/SM_RailRig_Track.uasset" 353
"../../../Engine/Content/EditorResources/BSPVertex.uasset" 354
"../../../Engine/Content/EditorResources/EmptyActor.uasset" 355
"../../../Engine/Content/EditorResources/S_Actor.uasset" 356
"../../../Engine/Content/EditorResources/S_Note.uasset" 357
"../../../Engine/Content/EditorResources/S_Solver.uasset" 358
"../../../Engine/Content/EditorResources/S_Trigger.uasset" 359
"../../../Engine/Content/EditorResources/LightIcons/S_LightError.uasset" 360
"../../../Engine/Content/EditorResources/SequenceRecorder/Countdown.uasset" 361
"../../../Engine/Content/EditorResources/SequenceRecorder/RecordingIndicator.uasset" 362
"../../../Engine/Content/EditorSounds/Notifications/CompileFailed.uasset" 363
"../../../Engine/Content/EditorSounds/Notifications/CompileFailed_Cue.uasset" 364
"../../../Engine/Content/EditorSounds/Notifications/CompileSuccess.uasset" 365
"../../../Engine/Content/EditorSounds/Notifications/CompileStart_Cue.uasset" 366
"../../../Engine/Content/EditorSounds/Notifications/CompileSuccess_Cue.uasset" 367
"../../../Engine/Content/EngineDamageTypes/DmgTypeBP_Environmental.uasset" 368
"../../../Engine/Content/EngineDebugMaterials/DebugEditorMaterial.uasset" 369
"../../../Engine/Content/EngineDebugMaterials/DebugMeshMaterial.uasset" 370
"../../../Engine/Content/EngineDebugMaterials/M_SimpleUnlitTranslucent.uasset" 371
"../../../Engine/Content/Functions/Engine_MaterialFunctions02/Utility/CameraDirectionVector.uasset" 372
"../../../Engine/Content/EngineDebugMaterials/VolumeToRender.uasset" 373
"../../../Engine/Content/EngineDebugMaterials/M_VolumeRenderSphereTracePP.uasset" 374
"../../../Engine/Content/EngineDebugMaterials/WireframeMaterial.uasset" 375
"../../../Engine/Content/EngineFonts/Faces/DroidSansFallback.uasset" 376
"../../../Engine/Content/EngineFonts/Faces/RobotoBold.uasset" 377
"../../../Engine/Content/EngineFonts/Faces/RobotoBoldItalic.uasset" 378
"../../../Engine/Content/EngineFonts/Faces/RobotoItalic.uasset" 379
"../../../Engine/Content/EngineFonts/Faces/RobotoLight.uasset" 380
"../../../Engine/Content/EngineFonts/Faces/RobotoRegular.uasset" 381
"../../../Engine/Content/EngineFonts/Roboto.uasset" 382
"../../../Engine/Content/EngineMaterials/BaseFlattenDiffuseMap.uasset" 383
"../../../Engine/Content/EngineMaterials/BaseFlattenEmissiveMap.uasset" 384
"../../../Engine/Content/EngineMaterials/BaseFlattenGrayscaleMap.uasset" 385
"../../../Engine/Content/EngineMaterials/BaseFlattenNormalMap.uasset" 386
"../../../Engine/Content/EngineMaterials/BaseFlattenMaterial.uasset" 387
"../../../Engine/Content/EngineMaterials/BlueNoise.uasset" 388
"../../../Engine/Content/EngineMaterials/DefaultBloomKernel.uasset" 389
"../../../Engine/Content/EngineMaterials/DefaultBokeh.uasset" 390
"../../../Engine/Content/EngineMaterials/DefaultDeferredDecalMaterial.uasset" 391
"../../../Engine/Content/EngineMaterials/DefaultLightFunctionMaterial.uasset" 392
"../../../Engine/Content/EngineMaterials/DefaultPostProcessMaterial.uasset" 393
"../../../Engine/Content/EngineFonts/RobotoDistanceField.uasset" 394
"../../../Engine/Content/EngineMaterials/DefaultTextMaterialOpaque.uasset" 395
"../../../Engine/Content/EngineMaterials/DefaultWhiteGrid.uasset" 396
"../../../Engine/Content/EngineMaterials/DefaultWhiteGrid_Low.uasset" 397
"../../../Engine/Content/EngineMaterials/EmissiveMeshMaterial.uasset" 398
"../../../Engine/Content/EngineMaterials/GizmoMaterial.uasset" 399
"../../../Engine/Content/EngineMaterials/MiniFont.uasset" 400
"../../../Engine/Content/EngineMaterials/InvalidLightmapSettings.uasset" 401
"../../../Engine/Content/EngineMaterials/M_InvalidLightmapSettings.uasset" 402
"../../../Engine/Content/Functions/Engine_MaterialFunctions02/WorldPositionOffset/CameraOffset.uasset" 403
"../../../Engine/Content/EngineMaterials/PhAT_JointLimitMaterial.uasset" 404
"../../../Engine/Content/EngineMaterials/PreintegratedSkinBRDF.uasset" 405
"../../../Engine/Content/EngineMaterials/RemoveSurfaceMaterial.uasset" 406
"../../../Engine/Content/EngineMaterials/WeightMapPlaceholderTexture.uasset" 407
"../../../Engine/Content/EngineResources/WhiteSquareTexture.uasset" 408
"../../../Engine/Content/EngineMaterials/Widget3DPassThrough.uasset" 409
"../../../Engine/Content/EngineMaterials/Widget3DPassThrough_Masked.uasset" 410
"../../../Engine/Content/EngineMaterials/Widget3DPassThrough_Opaque.uasset" 411
"../../../Engine/Content/EngineMaterials/Widget3DPassThrough_Masked_OneSided.uasset" 412
"../../../Engine/Content/EngineMaterials/Widget3DPassThrough_Opaque_OneSided.uasset" 413
"../../../Engine/Content/EngineMaterials/Widget3DPassThrough_Translucent.uasset" 414
"../../../Engine/Content/EngineMaterials/Widget3DPassThrough_Translucent_OneSided.uasset" 415
"../../../Engine/Content/EngineMeshes/Cylinder.uasset" 416
"../../../Engine/Content/EngineMeshes/Sphere.uasset" 417
"../../../Engine/Content/EngineResources/DefaultTexture.uasset" 418
"../../../Engine/Content/EngineResources/DefaultTextureCube.uasset" 419
"../../../Engine/Content/EngineResources/DefaultVolumeTexture2D.uasset" 420
"../../../Engine/Content/EngineResources/DefaultVolumeTexture.uasset" 421
"../../../Engine/Content/EngineResources/GradientTexture0.uasset" 422
"../../../Engine/Content/EngineSounds/Master.uasset" 423
"../../../Engine/Content/Functions/Engine_MaterialFunctions01/Shading/ConvertFromDiffSpec.uasset" 424
"../../../Engine/Content/Functions/Engine_MaterialFunctions01/Shading/PowerToRoughness.uasset" 425
"../../../Engine/Content/Maps/Templates/Thumbnails/Default.uasset" 426
"../../../Engine/Content/Maps/Templates/Thumbnails/TimeOfDay.uasset" 427
"../../../Engine/Content/Maps/Templates/Thumbnails/VR-Basic.uasset" 428
"../../../Engine/Content/MobileResources/T_MobileControls_texture.uasset" 429
"../../../Engine/Content/MobileResources/T_MobileMenu2.uasset" 430
"../../../Engine/Content/MobileResources/HUD/AnalogHat.uasset" 431
"../../../Engine/Content/MobileResources/HUD/VirtualJoystick_Background.uasset" 432
"../../../Engine/Content/MobileResources/HUD/VirtualJoystick_Thumb.uasset" 433
"../../../Engine/Content/MobileResources/HUD/DefaultVirtualJoysticks.uasset" 434
"../../../Engine/Content/MobileResources/HUD/LeftVirtualJoystickOnly.uasset" 435
"../../../Engine/Content/MobileResources/HUD/MobileHUDButton1_off.uasset" 436
"../../../Engine/Content/MobileResources/HUD/MobileHUDButton1_on.uasset" 437
"../../../Engine/Content/MobileResources/HUD/MobileHUDButton2_off.uasset" 438
"../../../Engine/Content/MobileResources/HUD/MobileHUDButton2_on.uasset" 439
"../../../Engine/Content/MobileResources/HUD/MobileHUDButton3.uasset" 440
"../../../Engine/Content/MobileResources/HUD/MobileHUDButtonFire.uasset" 441
"../../../Engine/Content/MobileResources/HUD/MobileHUDDirectionPad.uasset" 442
"../../../Engine/Content/MobileResources/HUD/MobileHUDDirectionPad2.uasset" 443
"../../../Engine/Content/MobileResources/HUD/MobileHUDDirectionPad3.uasset" 444
"../../../Engine/Content/MobileResources/HUD/MobileHUDDirectionStick.uasset" 445
"../../../Engine/Content/MobileResources/HUD/T_Castle_ThumbstickInner.uasset" 446
"../../../Engine/Content/MobileResources/HUD/T_Castle_ThumbstickOutter.uasset" 447
"../../../Engine/Content/Tutorial/ContentIntroCurve.uasset" 448
"../../../Engine/Content/Tutorial/Basics/LevelEditorAttract.uasset" 449
"../../../Engine/Content/Tutorial/Basics/TutorialAssets/icon_tab_Levels_40x.uasset" 450
"../../../Engine/Content/Tutorial/Basics/LevelEditorOverview.uasset" 451
"../../../Engine/Content/Tutorial/BlueprintTutorials/TutorialAssets/Blueprint_64x.uasset" 452
"../../../Engine/Content/Tutorial/BlueprintTutorials/BlueprintEditorTutorial.uasset" 453
"../../../Engine/Content/Tutorial/Landscape/TutorialAssets/Landscape.uasset" 454
"../../../Engine/Content/Tutorial/Landscape/LandscapeWalkThrough.uasset" 455
"../../../Engine/Content/Tutorial/Landscape/Landscape_Manage_Mode.uasset" 456
"../../../Engine/Content/Tutorial/Landscape/Landscape_Painting_Mode.uasset" 457
"../../../Engine/Content/Tutorial/Landscape/Landscape_Sculpt_Mode.uasset" 458
"../../../Engine/Content/VREditor/LaserPointer/VR_LaserPower_01.uasset" 459
"../../../Engine/Content/VREditor/TransformGizmo/TransformGizmoMaterial.uasset" 460
"../../../Engine/Content/VREditor/TransformGizmo/TranslucentTransformGizmoMaterial.uasset" 461
"../../../Engine/Content/VREditor/TransformGizmo/BoundingBoxCorner.uasset" 462
"../../../Engine/Content/VREditor/TransformGizmo/BoundingBoxEdge.uasset" 463
"../../../Engine/Content/VREditor/TransformGizmo/PlaneTranslationHandle.uasset" 464
"../../../Engine/Content/VREditor/TransformGizmo/Main.uasset" 465
"../../../Engine/Content/VREditor/TransformGizmo/Xray.uasset" 466
"../../../Engine/Content/VREditor/TransformGizmo/SM_Sequencer_Key.uasset" 467
"../../../Engine/Content/VREditor/TransformGizmo/SM_Sequencer_Node.uasset" 468
"../../Plugins/2D/Paper2D/Content/PlaceholderTextures/DummySpriteTexture.uasset" 469
"../../Plugins/2D/Paper2D/Content/DummySprite.uasset" 470
"../../Plugins/2D/Paper2D/Content/DefaultPaperTerrainMaterial.uasset" 471
"../../Plugins/2D/Paper2D/Content/DefaultSpriteMaterial.uasset" 472
"../../Plugins/2D/Paper2D/Content/MaskedUnlitSpriteMaterial.uasset" 473
"../../Plugins/2D/Paper2D/Content/OpaqueUnlitSpriteMaterial.uasset" 474
"../../Plugins/FX/Niagara/Content/Enums/ENiagaraBooleanLogicOps.uasset" 475
"../../Plugins/FX/Niagara/Content/Enums/ENiagaraCoordinateSpace.uasset" 476
"../../Plugins/FX/Niagara/Content/Enums/ENiagaraExpansionMode.uasset" 477
"../../Plugins/FX/Niagara/Content/Enums/ENiagaraOrientationAxis.uasset" 478
"../../Plugins/FX/Niagara/Content/Enums/ENiagaraRandomnessMode.uasset" 479
"../../../Engine/Content/Functions/Engine_MaterialFunctions02/Utility/BreakOutFloat4Components.uasset" 480
"../../../Engine/Content/Functions/Engine_MaterialFunctions02/Utility/MakeFloat2.uasset" 481
"../../../Engine/Content/Functions/Engine_MaterialFunctions02/Utility/MakeFloat3.uasset" 482
"../../Plugins/Runtime/Oculus/OculusVR/Content/Materials/OculusMR_ChromaKey.uasset" 483
"../../Plugins/Runtime/Oculus/OculusVR/Content/Materials/OculusMR_ChromaKey_Lit.uasset" 484
"../../Plugins/Runtime/Oculus/OculusVR/Content/Materials/OculusMR_OpaqueColoredMaterial.uasset" 485
"../../Plugins/Runtime/Oculus/OculusVR/Content/Materials/OculusMR_WhiteMaterial.uasset" 486
"../../../Engine/Content/EngineSky/C_Sky_Cloud_Color.uasset" 487
"../../../Engine/Content/EngineSky/C_Sky_Horizon_Color.uasset" 488
"../../../Engine/Content/EngineSky/C_Sky_Zenith_Color.uasset" 489
"../../../Engine/Content/EngineSky/T_Sky_Blue.uasset" 490
"../../../Engine/Content/EngineSky/T_Sky_Clouds_M.uasset" 491
"../../../Engine/Content/EngineSky/T_Sky_Stars.uasset" 492
"../../../Engine/Content/EngineSky/M_Sky_Panning_Clouds2.uasset" 493
"../../../Engine/Content/EngineSky/SM_SkySphere.uasset" 494
"../../../Engine/Content/EngineSky/BP_Sky_Sphere.uasset" 495
"../../../Engine/Content/EngineMaterials/DefaultPhysicalMaterial.uasset" 496
"../../../../../Users/CCame/Documents/Unreal Projects/AgileGame/Content/FinishedLevelPrototypes/Ben_Level.umap" 497
"../../../../../Users/CCame/Documents/Unreal Projects/AgileGame/Content/VehicleVarietyPack/Textures/Hatchback/TX_Hatchback_Diffuse_0.uasset" 498
"../../../../../Users/CCame/Documents/Unreal Projects/AgileGame/Content/VehicleVarietyPack/Textures/Hatchback/TX_Hatchback_EMM_0.uasset" 499
"../../../../../Users/CCame/Documents/Unreal Projects/AgileGame/Content/VehicleVarietyPack/Textures/Hatchback/TX_Hatchback_Normal_0.uasset" 500
"../../../../../Users/CCame/Documents/Unreal Projects/AgileGame/Content/VehicleVarietyPack/Textures/Hatchback/TX_Hatchback_ORM_0.uasset" 501
"../../../../../Users/CCame/Documents/Unreal Projects/AgileGame/Content/VehicleVarietyPack/Materials/Hatchback/M_Hatchback_Body.uasset" 502
"../../../../../Users/CCame/Documents/Unreal Projects/AgileGame/Content/VehicleVarietyPack/Textures/Hatchback/TX_Hatchback_Diffuse_1.uasset" 503
"../../../../../Users/CCame/Documents/Unreal Projects/AgileGame/Content/VehicleVarietyPack/Textures/Hatchback/TX_Hatchback_Normal_1.uasset" 504
"../../../../../Users/CCame/Documents/Unreal Projects/AgileGame/Content/VehicleVarietyPack/Textures/Hatchback/TX_Hatchback_ORM_1.uasset" 505
"../../../../../Users/CCame/Documents/Unreal Projects/AgileGame/Content/VehicleVarietyPack/Materials/Hatchback/M_Hatchback_Interior.uasset" 506
"../../../../../Users/CCame/Documents/Unreal Projects/AgileGame/Content/VehicleVarietyPack/Textures/Hatchback/TX_Hatchback_Diffuse.uasset" 507
"../../../../../Users/CCame/Documents/Unreal Projects/AgileGame/Content/VehicleVarietyPack/Textures/Hatchback/TX_Hatchback_Normal.uasset" 508
"../../../../../Users/CCame/Documents/Unreal Projects/AgileGame/Content/VehicleVarietyPack/Textures/Hatchback/TX_Hatchback_ORM.uasset" 509
"../../../../../Users/CCame/Documents/Unreal Projects/AgileGame/Content/VehicleVarietyPack/Materials/Hatchback/M_Hatchback_Under.uasset" 510
"../../../../../Users/CCame/Documents/Unreal Projects/AgileGame/Content/VehicleVarietyPack/Textures/Hatchback/TX_Hatchback_Diffuse_2.uasset" 511
"../../../../../Users/CCame/Documents/Unreal Projects/AgileGame/Content/VehicleVarietyPack/Textures/Hatchback/TX_Hatchback_Normal_2.uasset" 512
"../../../../../Users/CCame/Documents/Unreal Projects/AgileGame/Content/VehicleVarietyPack/Textures/Hatchback/TX_Hatchback_OPC_2.uasset" 513
"../../../../../Users/CCame/Documents/Unreal Projects/AgileGame/Content/VehicleVarietyPack/Textures/Hatchback/TX_Hatchback_ORM_2.uasset" 514
"../../../../../Users/CCame/Documents/Unreal Projects/AgileGame/Content/VehicleVarietyPack/Materials/Hatchback/Mi_Hatchback_Glass.uasset" 515
"../../../../../Users/CCame/Documents/Unreal Projects/AgileGame/Content/VehicleVarietyPack/Skeletons/SK_Hatchback_PhysicsAsset.uasset" 516
"../../../../../Users/CCame/Documents/Unreal Projects/AgileGame/Content/VehicleVarietyPack/Skeletons/SK_Hatchback.uasset" 517
"../../../../../Users/CCame/Documents/Unreal Projects/AgileGame/Content/AI_Hatchback.uasset" 518
"../../../../../Users/CCame/Documents/Unreal Projects/AgileGame/Content/AI_Pickup.uasset" 519
"../../../../../Users/CCame/Documents/Unreal Projects/AgileGame/Content/VehicleVarietyPack/Materials/SportsCar/M_SportsCar_Body_2.uasset" 520
"../../../../../Users/CCame/Documents/Unreal Projects/AgileGame/Content/AI_RaceCar.uasset" 521
"../../../../../Users/CCame/Documents/Unreal Projects/AgileGame/Content/AI_Truck.uasset" 522
"../../../../../Users/CCame/Documents/Unreal Projects/AgileGame/Content/Foliage/SM_Buttercup_Patch_01_FoliageType.uasset" 523
"../../../../../Users/CCame/Documents/Unreal Projects/AgileGame/Content/Foliage/SM_FieldGrass_01_FoliageType.uasset" 524
"../../../../../Users/CCame/Documents/Unreal Projects/AgileGame/Content/Foliage/SM_FieldScabious_01_FoliageType.uasset" 525
"../../../../../Users/CCame/Documents/Unreal Projects/AgileGame/Content/Foliage/SM_Heather_Mesh_Clumps2_FoliageType.uasset" 526
"../../../../../Users/CCame/Documents/Unreal Projects/AgileGame/Content/Megascans/Surfaces/Ground_Dirt_007_SD/Ground_Dirt_007_ambientOcclusion.uasset" 527
"../../../../../Users/CCame/Documents/Unreal Projects/AgileGame/Content/Megascans/Surfaces/Ground_Dirt_007_SD/Ground_Dirt_007_basecolor.uasset" 528
"../../../../../Users/CCame/Documents/Unreal Projects/AgileGame/Content/Megascans/Surfaces/Ground_Dirt_007_SD/Ground_Dirt_007_height.uasset" 529
"../../../../../Users/CCame/Documents/Unreal Projects/AgileGame/Content/Megascans/Surfaces/Ground_Dirt_007_SD/Ground_Dirt_007_normal.uasset" 530
"../../../../../Users/CCame/Documents/Unreal Projects/AgileGame/Content/Megascans/Surfaces/Ground_Dirt_007_SD/Ground_Dirt_007_roughness.uasset" 531
"../../../../../Users/CCame/Documents/Unreal Projects/AgileGame/Content/Megascans/Surfaces/Ground_Dirt_007_SD/Ground_Dirt_007_basecolor_Mat.uasset" 532
"../../../../../Users/CCame/Documents/Unreal Projects/AgileGame/Content/FinishedLevels/Level_1.umap" 533
"../../../../../Users/CCame/Documents/Unreal Projects/AgileGame/Content/FinishedLevels/Level_2.umap" 534
"../../../../../Users/CCame/Documents/Unreal Projects/AgileGame/Content/FinishedLevels/Level_3.umap" 535
"../../../../../Users/CCame/Documents/Unreal Projects/AgileGame/Content/FinishedLevels/Level_4.umap" 536
"../../../../../Users/CCame/Documents/Unreal Projects/AgileGame/Content/Widgets/CarHud.uasset" 537
"../../../../../Users/CCame/Documents/Unreal Projects/AgileGame/Content/BP_AgileGameGameModeBase.uasset" 538
"../../../../../Users/CCame/Documents/Unreal Projects/AgileGame/Content/FinishedLevels/Level_5.umap" 539
"../../../../../Users/CCame/Documents/Unreal Projects/AgileGame/Content/FinishedLevels/MainMenu.umap" 540
"../../../../../Users/CCame/Documents/Unreal Projects/AgileGame/Content/VehicleVarietyPack/Blueprints/SUV/DA_SUV_TireConfig.uasset" 541
"../../../../../Users/CCame/Documents/Unreal Projects/AgileGame/Content/VehicleVarietyPack/Blueprints/SUV/BP_SUV_Wheel_Front.uasset" 542
"../../../../../Users/CCame/Documents/Unreal Projects/AgileGame/Content/VehicleVarietyPack/Blueprints/SUV/BP_SUV_Wheel_Rear.uasset" 543
"../../../../../Users/CCame/Documents/Unreal Projects/AgileGame/Content/VehicleVarietyPack/Blueprints/SUV/BP_SUV.uasset" 544
"../../../../../Users/CCame/Documents/Unreal Projects/AgileGame/Content/VehicleVarietyPack/Blueprints/SUV/BP_SUV_Gamemode.uasset" 545
"../../../../../Users/CCame/Documents/Unreal Projects/AgileGame/Content/VehicleVarietyPack/Maps/Playground_BuiltData.uasset" 546
"../../../Engine/Content/BasicShapes/BasicShapeMaterial.uasset" 547
"../../../Engine/Content/BasicShapes/Cube.uasset" 548
"../../../Engine/Content/BasicShapes/Cylinder.uasset" 549
"../../../Engine/Content/BasicShapes/Sphere.uasset" 550
"../../../../../Users/CCame/Documents/Unreal Projects/AgileGame/Content/VehicleVarietyPack/Meshes/SM_Hatchback.uasset" 551
"../../../../../Users/CCame/Documents/Unreal Projects/AgileGame/Content/VehicleVarietyPack/Meshes/SM_Pickup.uasset" 552
"../../../../../Users/CCame/Documents/Unreal Projects/AgileGame/Content/VehicleVarietyPack/Meshes/SM_SportsCar.uasset" 553
"../../../../../Users/CCame/Documents/Unreal Projects/AgileGame/Content/VehicleVarietyPack/Meshes/SM_SUV.uasset" 554
"../../../../../Users/CCame/Documents/Unreal Projects/AgileGame/Content/VehicleVarietyPack/Meshes/SM_Truck_Box.uasset" 555
"../../../../../Users/CCame/Documents/Unreal Projects/AgileGame/Content/VehicleVarietyPack/Textures/TX_LUT_Adjustments.uasset" 556
"../../../../../Users/CCame/Documents/Unreal Projects/AgileGame/Content/VehicleVarietyPack/Maps/Playground.umap" 557
"../../../../../Users/CCame/Documents/Unreal Projects/AgileGame/Content/VehicleVarietyPack/Blueprints/Hatchback/AB_Hatchback.uasset" 558
"../../../../../Users/CCame/Documents/Unreal Projects/AgileGame/Content/VehicleVarietyPack/Blueprints/Hatchback/BP_HB_FrontWheel.uasset" 559
"../../../../../Users/CCame/Documents/Unreal Projects/AgileGame/Content/VehicleVarietyPack/Blueprints/Hatchback/BP_HB_RearWheel.uasset" 560
"../../../../../Users/CCame/Documents/Unreal Projects/AgileGame/Content/VehicleVarietyPack/Blueprints/Hatchback/BP_Hatchback.uasset" 561
"../../../../../Users/CCame/Documents/Unreal Projects/AgileGame/Content/VehicleVarietyPack/Blueprints/Hatchback/BP_Hatchback_Gamemode.uasset" 562
"../../../../../Users/CCame/Documents/Unreal Projects/AgileGame/Content/VehicleVarietyPack/Maps/Presentation_BuiltData.uasset" 563
"../../../Engine/Content/EditorMeshes/ColorCalibrator/M_ChromeBall.uasset" 564
"../../../../../Users/CCame/Documents/Unreal Projects/AgileGame/Content/VehicleVarietyPack/Textures/TX_Asphalt_Dry_Diffuse.uasset" 565
"../../../../../Users/CCame/Documents/Unreal Projects/AgileGame/Content/VehicleVarietyPack/Textures/TX_Asphalt_Dry_Normal.uasset" 566
"../../../../../Users/CCame/Documents/Unreal Projects/AgileGame/Content/VehicleVarietyPack/Textures/TX_Asphalt_Wet_RGB.uasset" 567
"../../../../../Users/CCame/Documents/Unreal Projects/AgileGame/Content/VehicleVarietyPack/Materials/Masters/M_Floor.uasset" 568
"../../../Engine/Content/EditorMeshes/PlanarReflectionPlane.uasset" 569
"../../../../../Users/CCame/Documents/Unreal Projects/AgileGame/Content/VehicleVarietyPack/Meshes/SM_Floorplane.uasset" 570
"../../../../../Users/CCame/Documents/Unreal Projects/AgileGame/Content/VehicleVarietyPack/Textures/TX_StudioLighting.uasset" 571
"../../../../../Users/CCame/Documents/Unreal Projects/AgileGame/Content/VehicleVarietyPack/Maps/Presentation.umap" 572
"../../../Engine/Content/Maps/Entry_BuiltData.uasset" 573
"../../../Engine/Content/Maps/Entry.umap" 574
